11:26 23:14:09.379 [restartedMain] [INFO] [com.example.demo.CartClient] - Starting CartClient on DESKTOP-CQORGQ5 with PID 6204 (E:\workspace\CartService\target\classes started by caich in E:\workspace\CartService)
11:26 23:14:09.382 [restartedMain] [INFO] [com.example.demo.CartClient] - No active profile set, falling back to default profiles: default
11:26 23:14:21.427 [restartedMain] [INFO] [com.example.demo.CartClient] - Started CartClient in 12.485 seconds (JVM running for 13.308)
11:26 23:15:23.031 [restartedMain] [INFO] [com.example.demo.CartClient] - Starting CartClient on DESKTOP-CQORGQ5 with PID 6204 (E:\workspace\CartService\target\classes started by caich in E:\workspace\CartService)
11:26 23:15:23.031 [restartedMain] [INFO] [com.example.demo.CartClient] - No active profile set, falling back to default profiles: default
11:26 23:15:26.637 [restartedMain] [INFO] [com.example.demo.CartClient] - Started CartClient in 3.654 seconds (JVM running for 78.518)
11:26 23:15:45.986 [restartedMain] [INFO] [com.example.demo.CartClient] - Starting CartClient on DESKTOP-CQORGQ5 with PID 6204 (E:\workspace\CartService\target\classes started by caich in E:\workspace\CartService)
11:26 23:15:45.986 [restartedMain] [INFO] [com.example.demo.CartClient] - No active profile set, falling back to default profiles: default
11:26 23:15:48.854 [restartedMain] [INFO] [com.example.demo.CartClient] - Started CartClient in 2.91 seconds (JVM running for 100.735)
11:26 23:15:59.125 [restartedMain] [INFO] [com.example.demo.CartClient] - Starting CartClient on DESKTOP-CQORGQ5 with PID 22016 (E:\workspace\CartService\target\classes started by caich in E:\workspace\CartService)
11:26 23:15:59.127 [restartedMain] [INFO] [com.example.demo.CartClient] - No active profile set, falling back to default profiles: default
11:26 23:16:22.328 [restartedMain] [INFO] [com.example.demo.CartClient] - Starting CartClient on DESKTOP-CQORGQ5 with PID 18624 (E:\workspace\CartService\target\classes started by caich in E:\workspace\CartService)
11:26 23:16:22.331 [restartedMain] [INFO] [com.example.demo.CartClient] - No active profile set, falling back to default profiles: default
11:26 23:16:33.426 [restartedMain] [INFO] [com.example.demo.CartClient] - Started CartClient in 11.505 seconds (JVM running for 12.354)
11:26 23:18:54.129 [restartedMain] [INFO] [com.example.demo.CartClient] - Starting CartClient on DESKTOP-CQORGQ5 with PID 18624 (E:\workspace\CartService\target\classes started by caich in E:\workspace\CartService)
11:26 23:18:54.130 [restartedMain] [INFO] [com.example.demo.CartClient] - No active profile set, falling back to default profiles: default
11:26 23:24:15.145 [restartedMain] [INFO] [com.example.demo.CartClient] - Starting CartClient on DESKTOP-CQORGQ5 with PID 18624 (E:\workspace\CartService\target\classes started by caich in E:\workspace\CartService)
11:26 23:24:15.146 [restartedMain] [INFO] [com.example.demo.CartClient] - No active profile set, falling back to default profiles: default
11:26 23:24:24.867 [restartedMain] [INFO] [com.example.demo.CartClient] - Starting CartClient on DESKTOP-CQORGQ5 with PID 18624 (E:\workspace\CartService\target\classes started by caich in E:\workspace\CartService)
11:26 23:24:24.867 [restartedMain] [INFO] [com.example.demo.CartClient] - No active profile set, falling back to default profiles: default
11:26 23:24:29.514 [restartedMain] [INFO] [com.example.demo.CartClient] - Starting CartClient on DESKTOP-CQORGQ5 with PID 18624 (E:\workspace\CartService\target\classes started by caich in E:\workspace\CartService)
11:26 23:24:29.514 [restartedMain] [INFO] [com.example.demo.CartClient] - No active profile set, falling back to default profiles: default
11:26 23:24:35.394 [restartedMain] [INFO] [com.example.demo.CartClient] - Starting CartClient on DESKTOP-CQORGQ5 with PID 18624 (E:\workspace\CartService\target\classes started by caich in E:\workspace\CartService)
11:26 23:24:35.395 [restartedMain] [INFO] [com.example.demo.CartClient] - No active profile set, falling back to default profiles: default
11:26 23:25:16.813 [restartedMain] [INFO] [com.example.demo.CartClient] - Starting CartClient on DESKTOP-CQORGQ5 with PID 18624 (E:\workspace\CartService\target\classes started by caich in E:\workspace\CartService)
11:26 23:25:16.813 [restartedMain] [INFO] [com.example.demo.CartClient] - No active profile set, falling back to default profiles: default
11:26 23:25:22.256 [restartedMain] [INFO] [com.example.demo.CartClient] - Starting CartClient on DESKTOP-CQORGQ5 with PID 18624 (E:\workspace\CartService\target\classes started by caich in E:\workspace\CartService)
11:26 23:25:22.257 [restartedMain] [INFO] [com.example.demo.CartClient] - No active profile set, falling back to default profiles: default
11:26 23:25:31.527 [restartedMain] [INFO] [com.example.demo.CartClient] - Starting CartClient on DESKTOP-CQORGQ5 with PID 18624 (E:\workspace\CartService\target\classes started by caich in E:\workspace\CartService)
11:26 23:25:31.527 [restartedMain] [INFO] [com.example.demo.CartClient] - No active profile set, falling back to default profiles: default
11:26 23:25:40.228 [restartedMain] [INFO] [com.example.demo.CartClient] - Starting CartClient on DESKTOP-CQORGQ5 with PID 18624 (E:\workspace\CartService\target\classes started by caich in E:\workspace\CartService)
11:26 23:25:40.229 [restartedMain] [INFO] [com.example.demo.CartClient] - No active profile set, falling back to default profiles: default
11:26 23:25:51.400 [restartedMain] [INFO] [com.example.demo.CartClient] - Starting CartClient on DESKTOP-CQORGQ5 with PID 18624 (E:\workspace\CartService\target\classes started by caich in E:\workspace\CartService)
11:26 23:25:51.401 [restartedMain] [INFO] [com.example.demo.CartClient] - No active profile set, falling back to default profiles: default
11:26 23:25:57.621 [restartedMain] [INFO] [com.example.demo.CartClient] - Starting CartClient on DESKTOP-CQORGQ5 with PID 18624 (E:\workspace\CartService\target\classes started by caich in E:\workspace\CartService)
11:26 23:25:57.621 [restartedMain] [INFO] [com.example.demo.CartClient] - No active profile set, falling back to default profiles: default
11:26 23:26:00.988 [restartedMain] [INFO] [com.example.demo.CartClient] - Starting CartClient on DESKTOP-CQORGQ5 with PID 18624 (E:\workspace\CartService\target\classes started by caich in E:\workspace\CartService)
11:26 23:26:00.989 [restartedMain] [INFO] [com.example.demo.CartClient] - No active profile set, falling back to default profiles: default
11:26 23:26:05.359 [restartedMain] [INFO] [com.example.demo.CartClient] - Starting CartClient on DESKTOP-CQORGQ5 with PID 18624 (E:\workspace\CartService\target\classes started by caich in E:\workspace\CartService)
11:26 23:26:05.359 [restartedMain] [INFO] [com.example.demo.CartClient] - No active profile set, falling back to default profiles: default
11:26 23:26:17.995 [restartedMain] [INFO] [com.example.demo.CartClient] - Starting CartClient on DESKTOP-CQORGQ5 with PID 18624 (E:\workspace\CartService\target\classes started by caich in E:\workspace\CartService)
11:26 23:26:17.995 [restartedMain] [INFO] [com.example.demo.CartClient] - No active profile set, falling back to default profiles: default
11:26 23:34:11.115 [restartedMain] [INFO] [com.example.demo.CartClient] - Starting CartClient on DESKTOP-CQORGQ5 with PID 18748 (E:\workspace\CartService\target\classes started by caich in E:\workspace\CartService)
11:26 23:34:11.119 [restartedMain] [INFO] [com.example.demo.CartClient] - No active profile set, falling back to default profiles: default
11:26 23:35:04.582 [restartedMain] [INFO] [com.example.demo.CartClient] - Starting CartClient on DESKTOP-CQORGQ5 with PID 18624 (E:\workspace\CartService\target\classes started by caich in E:\workspace\CartService)
11:26 23:35:04.583 [restartedMain] [INFO] [com.example.demo.CartClient] - No active profile set, falling back to default profiles: default
11:26 23:35:14.404 [restartedMain] [INFO] [com.example.demo.CartClient] - Starting CartClient on DESKTOP-CQORGQ5 with PID 9664 (E:\workspace\CartService\target\classes started by caich in E:\workspace\CartService)
11:26 23:35:14.407 [restartedMain] [INFO] [com.example.demo.CartClient] - No active profile set, falling back to default profiles: default
11:26 23:35:49.489 [restartedMain] [INFO] [com.example.demo.CartClient] - Starting CartClient on DESKTOP-CQORGQ5 with PID 18624 (E:\workspace\CartService\target\classes started by caich in E:\workspace\CartService)
11:26 23:35:49.489 [restartedMain] [INFO] [com.example.demo.CartClient] - No active profile set, falling back to default profiles: default
11:26 23:35:59.076 [restartedMain] [INFO] [com.example.demo.CartClient] - Starting CartClient on DESKTOP-CQORGQ5 with PID 18624 (E:\workspace\CartService\target\classes started by caich in E:\workspace\CartService)
11:26 23:35:59.076 [restartedMain] [INFO] [com.example.demo.CartClient] - No active profile set, falling back to default profiles: default
11:26 23:36:01.144 [restartedMain] [INFO] [com.example.demo.CartClient] - Started CartClient in 2.101 seconds (JVM running for 1180.072)
11:26 23:36:02.482 [restartedMain] [INFO] [com.example.demo.CartClient] - Starting CartClient on DESKTOP-CQORGQ5 with PID 15384 (E:\workspace\CartService\target\classes started by caich in E:\workspace\CartService)
11:26 23:36:02.485 [restartedMain] [INFO] [com.example.demo.CartClient] - No active profile set, falling back to default profiles: default
11:26 23:37:41.281 [restartedMain] [INFO] [com.example.demo.CartClient] - Starting CartClient on DESKTOP-CQORGQ5 with PID 11420 (E:\workspace\CartService\target\classes started by caich in E:\workspace\CartService)
11:26 23:37:41.285 [restartedMain] [INFO] [com.example.demo.CartClient] - No active profile set, falling back to default profiles: default
11:26 23:37:52.310 [restartedMain] [INFO] [com.example.demo.CartClient] - Started CartClient in 11.447 seconds (JVM running for 12.264)
11:26 23:37:52.368 [restartedMain] [INFO] [c.e.demo.service.LoggingService] - Inside methodsave
11:26 23:37:52.707 [restartedMain] [INFO] [c.e.demo.service.LoggingService] - Exiting methodsave
11:26 23:38:55.994 [restartedMain] [INFO] [com.example.demo.CartClient] - Starting CartClient on DESKTOP-CQORGQ5 with PID 14932 (E:\workspace\CartService\target\classes started by caich in E:\workspace\CartService)
11:26 23:38:55.996 [restartedMain] [INFO] [com.example.demo.CartClient] - No active profile set, falling back to default profiles: default
11:26 23:39:02.742 [restartedMain] [INFO] [com.example.demo.CartClient] - Started CartClient in 7.027 seconds (JVM running for 9.571)
11:26 23:39:02.753 [restartedMain] [INFO] [c.e.demo.service.LoggingService] - Inside methodsave
11:26 23:39:03.317 [restartedMain] [INFO] [c.e.demo.service.LoggingService] - Exiting methodsave
11:26 23:40:26.091 [http-nio-8080-exec-6] [INFO] [c.e.demo.service.LoggingService] - Inside methodfindAll
11:26 23:40:26.581 [http-nio-8080-exec-6] [INFO] [c.e.demo.service.LoggingService] - Exiting methodfindAll
11:26 23:40:36.434 [http-nio-8080-exec-7] [INFO] [c.e.demo.service.LoggingService] - Inside methodfindById
11:26 23:40:36.569 [http-nio-8080-exec-7] [INFO] [c.e.demo.service.LoggingService] - Exiting methodfindById
11:26 23:41:10.241 [http-nio-8080-exec-9] [INFO] [c.e.demo.service.LoggingService] - Inside methodfindById
11:26 23:41:10.364 [http-nio-8080-exec-9] [INFO] [c.e.demo.service.LoggingService] - Exiting methodfindById
11:26 23:41:16.126 [http-nio-8080-exec-10] [INFO] [c.e.demo.service.LoggingService] - Inside methodfindById
11:26 23:41:16.237 [http-nio-8080-exec-10] [INFO] [c.e.demo.service.LoggingService] - Exiting methodfindById
11:26 23:41:20.730 [http-nio-8080-exec-1] [INFO] [c.e.demo.service.LoggingService] - Inside methodfindById
11:26 23:41:20.851 [http-nio-8080-exec-1] [INFO] [c.e.demo.service.LoggingService] - Exiting methodfindById
11:26 23:45:46.587 [restartedMain] [INFO] [com.example.demo.CartClient] - Starting CartClient on DESKTOP-CQORGQ5 with PID 14932 (E:\workspace\CartService\target\classes started by caich in E:\workspace\CartService)
11:26 23:45:46.587 [restartedMain] [INFO] [com.example.demo.CartClient] - No active profile set, falling back to default profiles: default
11:26 23:45:59.925 [restartedMain] [INFO] [com.example.demo.CartClient] - Starting CartClient on DESKTOP-CQORGQ5 with PID 22076 (E:\workspace\CartService\target\classes started by caich in E:\workspace\CartService)
11:26 23:45:59.930 [restartedMain] [INFO] [com.example.demo.CartClient] - No active profile set, falling back to default profiles: default
11:26 23:47:15.464 [restartedMain] [INFO] [com.example.demo.CartClient] - Starting CartClient on DESKTOP-CQORGQ5 with PID 21348 (E:\workspace\CartService\target\classes started by caich in E:\workspace\CartService)
11:26 23:47:15.467 [restartedMain] [INFO] [com.example.demo.CartClient] - No active profile set, falling back to default profiles: default
11:26 23:47:22.456 [restartedMain] [INFO] [com.example.demo.CartClient] - Started CartClient in 7.324 seconds (JVM running for 9.822)
11:26 23:47:22.467 [restartedMain] [INFO] [c.e.demo.service.LoggingService] - Inside methodsave
11:26 23:47:22.706 [restartedMain] [INFO] [c.e.demo.service.LoggingService] - Exiting methodsave
11:26 23:48:55.123 [http-nio-8080-exec-2] [INFO] [c.e.demo.service.LoggingService] - Inside methodfindAll
11:26 23:48:55.542 [http-nio-8080-exec-2] [INFO] [c.e.demo.service.LoggingService] - Exiting methodfindAll
11:26 23:49:05.221 [http-nio-8080-exec-3] [INFO] [c.e.demo.service.LoggingService] - Inside methodfindById
11:26 23:49:05.342 [http-nio-8080-exec-3] [INFO] [c.e.demo.service.LoggingService] - Exiting methodfindById
11:26 23:49:09.471 [http-nio-8080-exec-4] [INFO] [c.e.demo.service.LoggingService] - Inside methodfindAll
11:26 23:49:09.590 [http-nio-8080-exec-4] [INFO] [c.e.demo.service.LoggingService] - Exiting methodfindAll
11:26 23:49:26.310 [http-nio-8080-exec-5] [INFO] [c.e.demo.service.LoggingService] - Inside methodfindById
11:26 23:49:26.440 [http-nio-8080-exec-5] [INFO] [c.e.demo.service.LoggingService] - Exiting methodfindById
11:26 23:49:38.707 [http-nio-8080-exec-6] [INFO] [c.e.demo.service.LoggingService] - Inside methodfindById
11:26 23:49:38.832 [http-nio-8080-exec-6] [INFO] [c.e.demo.service.LoggingService] - Exiting methodfindById
11:26 23:50:49.457 [restartedMain] [INFO] [com.example.demo.CartClient] - Starting CartClient on DESKTOP-CQORGQ5 with PID 21348 (E:\workspace\CartService\target\classes started by caich in E:\workspace\CartService)
11:26 23:50:49.457 [restartedMain] [INFO] [com.example.demo.CartClient] - No active profile set, falling back to default profiles: default
11:26 23:50:52.547 [restartedMain] [INFO] [com.example.demo.CartClient] - Started CartClient in 3.132 seconds (JVM running for 219.912)
11:26 23:50:52.549 [restartedMain] [INFO] [c.e.demo.service.LoggingService] - Inside methodsave
11:26 23:50:52.675 [restartedMain] [INFO] [c.e.demo.service.LoggingService] - Exiting methodsave
11:26 23:50:52.676 [restartedMain] [INFO] [c.e.demo.service.LoggingService] - Inside methodsave
11:26 23:50:52.805 [restartedMain] [INFO] [c.e.demo.service.LoggingService] - Exiting methodsave
11:26 23:51:26.799 [http-nio-8080-exec-4] [INFO] [c.e.demo.service.LoggingService] - Inside methodfindAll
11:26 23:51:27.143 [http-nio-8080-exec-4] [INFO] [c.e.demo.service.LoggingService] - Exiting methodfindAll
11:26 23:51:36.117 [http-nio-8080-exec-5] [INFO] [c.e.demo.service.LoggingService] - Inside methodfindById
11:26 23:51:36.233 [http-nio-8080-exec-5] [INFO] [c.e.demo.service.LoggingService] - Exiting methodfindById
11:26 23:51:38.337 [http-nio-8080-exec-6] [INFO] [c.e.demo.service.LoggingService] - Inside methodfindAll
11:26 23:51:38.452 [http-nio-8080-exec-6] [INFO] [c.e.demo.service.LoggingService] - Exiting methodfindAll
11:26 23:52:48.347 [restartedMain] [INFO] [com.example.demo.CartClient] - Starting CartClient on DESKTOP-CQORGQ5 with PID 21348 (E:\workspace\CartService\target\classes started by caich in E:\workspace\CartService)
11:26 23:52:48.347 [restartedMain] [INFO] [com.example.demo.CartClient] - No active profile set, falling back to default profiles: default
11:26 23:52:59.502 [restartedMain] [INFO] [com.example.demo.CartClient] - Starting CartClient on DESKTOP-CQORGQ5 with PID 21348 (E:\workspace\CartService\target\classes started by caich in E:\workspace\CartService)
11:26 23:52:59.502 [restartedMain] [INFO] [com.example.demo.CartClient] - No active profile set, falling back to default profiles: default
11:26 23:53:11.660 [restartedMain] [INFO] [com.example.demo.CartClient] - Starting CartClient on DESKTOP-CQORGQ5 with PID 21348 (E:\workspace\CartService\target\classes started by caich in E:\workspace\CartService)
11:26 23:53:11.661 [restartedMain] [INFO] [com.example.demo.CartClient] - No active profile set, falling back to default profiles: default
11:26 23:57:18.954 [restartedMain] [INFO] [com.example.demo.CartClient] - Starting CartClient on DESKTOP-CQORGQ5 with PID 21348 (E:\workspace\CartService\target\classes started by caich in E:\workspace\CartService)
11:26 23:57:18.954 [restartedMain] [INFO] [com.example.demo.CartClient] - No active profile set, falling back to default profiles: default
11:26 23:57:31.331 [restartedMain] [INFO] [com.example.demo.CartClient] - Starting CartClient on DESKTOP-CQORGQ5 with PID 21348 (E:\workspace\CartService\target\classes started by caich in E:\workspace\CartService)
11:26 23:57:31.331 [restartedMain] [INFO] [com.example.demo.CartClient] - No active profile set, falling back to default profiles: default
11:26 23:57:43.679 [restartedMain] [INFO] [com.example.demo.CartClient] - Starting CartClient on DESKTOP-CQORGQ5 with PID 21348 (E:\workspace\CartService\target\classes started by caich in E:\workspace\CartService)
11:26 23:57:43.680 [restartedMain] [INFO] [com.example.demo.CartClient] - No active profile set, falling back to default profiles: default
11:26 23:57:49.079 [restartedMain] [INFO] [com.example.demo.CartClient] - Starting CartClient on DESKTOP-CQORGQ5 with PID 21348 (E:\workspace\CartService\target\classes started by caich in E:\workspace\CartService)
11:26 23:57:49.080 [restartedMain] [INFO] [com.example.demo.CartClient] - No active profile set, falling back to default profiles: default
11:26 23:58:55.740 [restartedMain] [INFO] [com.example.demo.CartClient] - Starting CartClient on DESKTOP-CQORGQ5 with PID 21348 (E:\workspace\CartService\target\classes started by caich in E:\workspace\CartService)
11:26 23:58:55.741 [restartedMain] [INFO] [com.example.demo.CartClient] - No active profile set, falling back to default profiles: default
11:26 23:59:11.054 [restartedMain] [INFO] [com.example.demo.CartClient] - Starting CartClient on DESKTOP-CQORGQ5 with PID 21348 (E:\workspace\CartService\target\classes started by caich in E:\workspace\CartService)
11:26 23:59:11.054 [restartedMain] [INFO] [com.example.demo.CartClient] - No active profile set, falling back to default profiles: default
11:26 23:59:53.558 [restartedMain] [INFO] [com.example.demo.CartClient] - Starting CartClient on DESKTOP-CQORGQ5 with PID 21348 (E:\workspace\CartService\target\classes started by caich in E:\workspace\CartService)
11:26 23:59:53.559 [restartedMain] [INFO] [com.example.demo.CartClient] - No active profile set, falling back to default profiles: default
