11:27 00:00:10.962 [restartedMain] [INFO] [com.example.demo.CartClient] - Starting CartClient on DESKTOP-CQORGQ5 with PID 21348 (E:\workspace\CartService\target\classes started by caich in E:\workspace\CartService)
11:27 00:00:10.963 [restartedMain] [INFO] [com.example.demo.CartClient] - No active profile set, falling back to default profiles: default
11:27 00:00:36.361 [restartedMain] [INFO] [com.example.demo.CartClient] - Starting CartClient on DESKTOP-CQORGQ5 with PID 21348 (E:\workspace\CartService\target\classes started by caich in E:\workspace\CartService)
11:27 00:00:36.361 [restartedMain] [INFO] [com.example.demo.CartClient] - No active profile set, falling back to default profiles: default
11:27 00:01:25.826 [restartedMain] [INFO] [com.example.demo.CartClient] - Starting CartClient on DESKTOP-CQORGQ5 with PID 21348 (E:\workspace\CartService\target\classes started by caich in E:\workspace\CartService)
11:27 00:01:25.826 [restartedMain] [INFO] [com.example.demo.CartClient] - No active profile set, falling back to default profiles: default
11:27 00:01:30.153 [restartedMain] [INFO] [com.example.demo.CartClient] - Starting CartClient on DESKTOP-CQORGQ5 with PID 21348 (E:\workspace\CartService\target\classes started by caich in E:\workspace\CartService)
11:27 00:01:30.153 [restartedMain] [INFO] [com.example.demo.CartClient] - No active profile set, falling back to default profiles: default
11:27 00:02:20.180 [restartedMain] [INFO] [com.example.demo.CartClient] - Starting CartClient on DESKTOP-CQORGQ5 with PID 21348 (E:\workspace\CartService\target\classes started by caich in E:\workspace\CartService)
11:27 00:02:20.180 [restartedMain] [INFO] [com.example.demo.CartClient] - No active profile set, falling back to default profiles: default
11:27 00:03:36.723 [restartedMain] [INFO] [com.example.demo.CartClient] - Starting CartClient on DESKTOP-CQORGQ5 with PID 21348 (E:\workspace\CartService\target\classes started by caich in E:\workspace\CartService)
11:27 00:03:36.724 [restartedMain] [INFO] [com.example.demo.CartClient] - No active profile set, falling back to default profiles: default
11:27 00:04:10.538 [restartedMain] [INFO] [com.example.demo.CartClient] - Starting CartClient on DESKTOP-CQORGQ5 with PID 21348 (E:\workspace\CartService\target\classes started by caich in E:\workspace\CartService)
11:27 00:04:10.538 [restartedMain] [INFO] [com.example.demo.CartClient] - No active profile set, falling back to default profiles: default
11:27 00:04:20.724 [restartedMain] [INFO] [com.example.demo.CartClient] - Starting CartClient on DESKTOP-CQORGQ5 with PID 21348 (E:\workspace\CartService\target\classes started by caich in E:\workspace\CartService)
11:27 00:04:20.724 [restartedMain] [INFO] [com.example.demo.CartClient] - No active profile set, falling back to default profiles: default
11:27 00:08:13.983 [restartedMain] [INFO] [com.example.demo.CartClient] - Starting CartClient on DESKTOP-CQORGQ5 with PID 21348 (E:\workspace\CartService\target\classes started by caich in E:\workspace\CartService)
11:27 00:08:13.984 [restartedMain] [INFO] [com.example.demo.CartClient] - No active profile set, falling back to default profiles: default
11:27 00:08:52.520 [restartedMain] [INFO] [com.example.demo.CartClient] - Starting CartClient on DESKTOP-CQORGQ5 with PID 21348 (E:\workspace\CartService\target\classes started by caich in E:\workspace\CartService)
11:27 00:08:52.520 [restartedMain] [INFO] [com.example.demo.CartClient] - No active profile set, falling back to default profiles: default
11:27 00:09:15.953 [restartedMain] [INFO] [com.example.demo.CartClient] - Starting CartClient on DESKTOP-CQORGQ5 with PID 21348 (E:\workspace\CartService\target\classes started by caich in E:\workspace\CartService)
11:27 00:09:15.953 [restartedMain] [INFO] [com.example.demo.CartClient] - No active profile set, falling back to default profiles: default
11:27 00:09:26.399 [restartedMain] [INFO] [com.example.demo.CartClient] - Starting CartClient on DESKTOP-CQORGQ5 with PID 21348 (E:\workspace\CartService\target\classes started by caich in E:\workspace\CartService)
11:27 00:09:26.399 [restartedMain] [INFO] [com.example.demo.CartClient] - No active profile set, falling back to default profiles: default
11:27 00:09:36.599 [restartedMain] [INFO] [com.example.demo.CartClient] - Starting CartClient on DESKTOP-CQORGQ5 with PID 21348 (E:\workspace\CartService\target\classes started by caich in E:\workspace\CartService)
11:27 00:09:36.599 [restartedMain] [INFO] [com.example.demo.CartClient] - No active profile set, falling back to default profiles: default
11:27 00:09:47.734 [restartedMain] [INFO] [com.example.demo.CartClient] - Starting CartClient on DESKTOP-CQORGQ5 with PID 21348 (E:\workspace\CartService\target\classes started by caich in E:\workspace\CartService)
11:27 00:09:47.735 [restartedMain] [INFO] [com.example.demo.CartClient] - No active profile set, falling back to default profiles: default
11:27 00:09:50.389 [restartedMain] [INFO] [com.example.demo.CartClient] - Started CartClient in 2.679 seconds (JVM running for 1357.754)
11:27 00:09:50.394 [restartedMain] [INFO] [c.e.demo.service.LoggingService] - Inside methodsave
11:27 00:09:50.529 [restartedMain] [INFO] [c.e.demo.service.LoggingService] - Exiting methodsave
11:27 00:09:50.529 [restartedMain] [INFO] [c.e.demo.service.LoggingService] - Inside methodsave
11:27 00:09:50.647 [restartedMain] [INFO] [c.e.demo.service.LoggingService] - Exiting methodsave
11:27 00:09:54.227 [restartedMain] [INFO] [com.example.demo.CartClient] - Starting CartClient on DESKTOP-CQORGQ5 with PID 21348 (E:\workspace\CartService\target\classes started by caich in E:\workspace\CartService)
11:27 00:09:54.227 [restartedMain] [INFO] [com.example.demo.CartClient] - No active profile set, falling back to default profiles: default
11:27 00:09:56.673 [restartedMain] [INFO] [com.example.demo.CartClient] - Started CartClient in 2.493 seconds (JVM running for 1364.037)
11:27 00:09:56.676 [restartedMain] [INFO] [c.e.demo.service.LoggingService] - Inside methodsave
11:27 00:09:56.797 [restartedMain] [INFO] [c.e.demo.service.LoggingService] - Exiting methodsave
11:27 00:09:56.797 [restartedMain] [INFO] [c.e.demo.service.LoggingService] - Inside methodsave
11:27 00:09:56.909 [restartedMain] [INFO] [c.e.demo.service.LoggingService] - Exiting methodsave
11:27 00:10:05.598 [restartedMain] [INFO] [com.example.demo.CartClient] - Starting CartClient on DESKTOP-CQORGQ5 with PID 18392 (E:\workspace\CartService\target\classes started by caich in E:\workspace\CartService)
11:27 00:10:05.601 [restartedMain] [INFO] [com.example.demo.CartClient] - No active profile set, falling back to default profiles: default
11:27 00:10:28.646 [restartedMain] [INFO] [com.example.demo.CartClient] - Starting CartClient on DESKTOP-CQORGQ5 with PID 21988 (E:\workspace\CartService\target\classes started by caich in E:\workspace\CartService)
11:27 00:10:28.649 [restartedMain] [INFO] [com.example.demo.CartClient] - No active profile set, falling back to default profiles: default
11:27 00:10:40.998 [restartedMain] [INFO] [com.example.demo.CartClient] - Started CartClient in 12.789 seconds (JVM running for 13.669)
11:27 00:10:41.061 [restartedMain] [INFO] [c.e.demo.service.LoggingService] - Inside methodsave
11:27 00:10:41.346 [restartedMain] [INFO] [c.e.demo.service.LoggingService] - Exiting methodsave
11:27 00:10:41.346 [restartedMain] [INFO] [c.e.demo.service.LoggingService] - Inside methodsave
11:27 00:10:41.493 [restartedMain] [INFO] [c.e.demo.service.LoggingService] - Exiting methodsave
11:27 00:11:13.312 [http-nio-8080-exec-5] [INFO] [c.e.demo.service.LoggingService] - Inside methodfindAll
11:27 00:11:13.641 [http-nio-8080-exec-5] [INFO] [c.e.demo.service.LoggingService] - Exiting methodfindAll
11:27 00:14:35.869 [http-nio-8080-exec-4] [INFO] [c.e.demo.service.LoggingService] - Inside methodfindAll
11:27 00:14:36.092 [http-nio-8080-exec-4] [INFO] [c.e.demo.service.LoggingService] - Exiting methodfindAll
11:27 00:14:52.337 [http-nio-8080-exec-3] [INFO] [c.e.demo.service.LoggingService] - Inside methodfindById
11:27 00:14:52.455 [http-nio-8080-exec-3] [INFO] [c.e.demo.service.LoggingService] - Exiting methodfindById
11:27 00:15:16.155 [http-nio-8080-exec-6] [INFO] [c.e.demo.service.LoggingService] - Inside methodfindAll
11:27 00:15:16.281 [http-nio-8080-exec-6] [INFO] [c.e.demo.service.LoggingService] - Exiting methodfindAll
11:27 00:16:06.656 [http-nio-8080-exec-8] [INFO] [c.e.demo.service.LoggingService] - Inside methodgetCartByCustomerId
11:27 00:16:18.502 [http-nio-8080-exec-9] [INFO] [c.e.demo.service.LoggingService] - Inside methodgetCartByCustomerId
11:27 00:16:25.345 [http-nio-8080-exec-10] [INFO] [c.e.demo.service.LoggingService] - Inside methodgetCartByCustomerId
11:27 00:16:39.085 [http-nio-8080-exec-1] [INFO] [c.e.demo.service.LoggingService] - Inside methodgetCartByCustomerId
11:27 00:18:18.478 [http-nio-8080-exec-4] [INFO] [c.e.demo.service.LoggingService] - Inside methodgetCartByCustomerId
11:27 00:18:18.602 [http-nio-8080-exec-4] [INFO] [c.e.demo.service.LoggingService] - Exiting methodgetCartByCustomerId
11:27 00:18:42.255 [restartedMain] [INFO] [com.example.demo.CartClient] - Starting CartClient on DESKTOP-CQORGQ5 with PID 21988 (E:\workspace\CartService\target\classes started by caich in E:\workspace\CartService)
11:27 00:18:42.257 [restartedMain] [INFO] [com.example.demo.CartClient] - No active profile set, falling back to default profiles: default
11:27 00:18:45.482 [restartedMain] [INFO] [com.example.demo.CartClient] - Started CartClient in 3.319 seconds (JVM running for 498.153)
11:27 00:18:45.485 [restartedMain] [INFO] [c.e.demo.service.LoggingService] - Inside methodsave
11:27 00:18:45.634 [restartedMain] [INFO] [c.e.demo.service.LoggingService] - Exiting methodsave
11:27 00:18:45.635 [restartedMain] [INFO] [c.e.demo.service.LoggingService] - Inside methodsave
11:27 00:18:45.782 [restartedMain] [INFO] [c.e.demo.service.LoggingService] - Exiting methodsave
11:27 09:52:30.046 [restartedMain] [INFO] [com.example.demo.CartClient] - Starting CartClient on DESKTOP-CQORGQ5 with PID 12692 (E:\workspace\ShoppingAppCart\target\classes started by caich in E:\workspace\ShoppingAppCart)
11:27 09:52:30.049 [restartedMain] [INFO] [com.example.demo.CartClient] - No active profile set, falling back to default profiles: default
11:27 09:52:42.497 [restartedMain] [INFO] [com.example.demo.CartClient] - Started CartClient in 12.751 seconds (JVM running for 13.386)
11:27 09:52:42.574 [restartedMain] [INFO] [c.e.demo.service.LoggingService] - Inside methodsave
11:27 09:52:42.921 [restartedMain] [INFO] [c.e.demo.service.LoggingService] - Exiting methodsave
11:27 09:52:42.921 [restartedMain] [INFO] [c.e.demo.service.LoggingService] - Inside methodsave
11:27 09:52:43.037 [restartedMain] [INFO] [c.e.demo.service.LoggingService] - Exiting methodsave
11:27 09:54:05.565 [http-nio-8080-exec-8] [INFO] [c.e.demo.service.LoggingService] - Inside methodfindById
11:27 09:54:05.687 [http-nio-8080-exec-8] [INFO] [c.e.demo.service.LoggingService] - Exiting methodfindById
11:27 10:50:42.086 [restartedMain] [INFO] [com.example.demo.CartClient] - Starting CartClient on DESKTOP-CQORGQ5 with PID 11516 (E:\workspace\ShoppingAppCart\target\classes started by caich in E:\workspace\ShoppingAppCart)
11:27 10:50:42.090 [restartedMain] [INFO] [com.example.demo.CartClient] - No active profile set, falling back to default profiles: default
11:27 10:50:50.983 [restartedMain] [INFO] [com.example.demo.CartClient] - Started CartClient in 9.21 seconds (JVM running for 9.86)
11:27 10:50:51.039 [restartedMain] [INFO] [c.e.demo.service.LoggingService] - Inside methodsave
11:27 10:50:51.275 [restartedMain] [INFO] [c.e.demo.service.LoggingService] - Exiting methodsave
11:27 10:50:51.275 [restartedMain] [INFO] [c.e.demo.service.LoggingService] - Inside methodsave
11:27 10:50:51.408 [restartedMain] [INFO] [c.e.demo.service.LoggingService] - Exiting methodsave
11:27 10:51:42.388 [http-nio-8080-exec-3] [INFO] [c.e.demo.service.LoggingService] - Inside methodfindAll
11:27 10:51:42.812 [http-nio-8080-exec-3] [INFO] [c.e.demo.service.LoggingService] - Exiting methodfindAll
11:27 13:15:44.410 [restartedMain] [INFO] [com.example.demo.CartClient] - Starting CartClient on DESKTOP-CQORGQ5 with PID 16836 (E:\workspace\ShoppingAppMongo\target\classes started by caich in E:\workspace\ShoppingAppMongo)
11:27 13:15:44.413 [restartedMain] [INFO] [com.example.demo.CartClient] - No active profile set, falling back to default profiles: default
11:27 13:16:37.259 [restartedMain] [INFO] [com.example.demo.CartClient] - Starting CartClient on DESKTOP-CQORGQ5 with PID 21496 (E:\workspace\ShoppingAppMongo\target\classes started by caich in E:\workspace\ShoppingAppMongo)
11:27 13:16:37.262 [restartedMain] [INFO] [com.example.demo.CartClient] - No active profile set, falling back to default profiles: default
11:27 13:18:11.229 [restartedMain] [INFO] [com.example.demo.CartClient] - Starting CartClient on DESKTOP-CQORGQ5 with PID 1596 (E:\workspace\ShoppingAppMongo\target\classes started by caich in E:\workspace\ShoppingAppMongo)
11:27 13:18:11.231 [restartedMain] [INFO] [com.example.demo.CartClient] - No active profile set, falling back to default profiles: default
11:27 13:19:14.043 [restartedMain] [INFO] [com.example.demo.CartClient] - Starting CartClient on DESKTOP-CQORGQ5 with PID 18780 (E:\workspace\ShoppingAppMongo\target\classes started by caich in E:\workspace\ShoppingAppMongo)
11:27 13:19:14.047 [restartedMain] [INFO] [com.example.demo.CartClient] - No active profile set, falling back to default profiles: default
11:27 13:19:55.363 [restartedMain] [INFO] [com.example.demo.CartClient] - Starting CartClient on DESKTOP-CQORGQ5 with PID 3452 (E:\workspace\ShoppingAppMongo\target\classes started by caich in E:\workspace\ShoppingAppMongo)
11:27 13:19:55.366 [restartedMain] [INFO] [com.example.demo.CartClient] - No active profile set, falling back to default profiles: default
11:27 13:20:17.164 [restartedMain] [INFO] [com.example.demo.CartClient] - Starting CartClient on DESKTOP-CQORGQ5 with PID 11512 (E:\workspace\ShoppingAppMongo\target\classes started by caich in E:\workspace\ShoppingAppMongo)
11:27 13:20:17.167 [restartedMain] [INFO] [com.example.demo.CartClient] - No active profile set, falling back to default profiles: default
11:27 13:27:33.261 [restartedMain] [INFO] [com.example.demo.CartClient] - Starting CartClient on DESKTOP-CQORGQ5 with PID 7052 (E:\workspace\ShoppingAppMongo\target\classes started by caich in E:\workspace\ShoppingAppMongo)
11:27 13:27:33.263 [restartedMain] [INFO] [com.example.demo.CartClient] - No active profile set, falling back to default profiles: default
11:27 13:27:41.092 [restartedMain] [INFO] [com.example.demo.CartClient] - Started CartClient in 8.183 seconds (JVM running for 8.835)
11:27 13:27:41.141 [restartedMain] [INFO] [c.e.demo.service.LoggingService] - Inside methodsave
11:27 13:27:41.742 [restartedMain] [INFO] [c.e.demo.service.LoggingService] - Exiting methodsave
11:27 13:27:41.742 [restartedMain] [INFO] [c.e.demo.service.LoggingService] - Inside methodsave
11:27 13:27:41.745 [restartedMain] [INFO] [c.e.demo.service.LoggingService] - Exiting methodsave
11:27 13:28:58.304 [restartedMain] [INFO] [com.example.demo.CartClient] - Starting CartClient on DESKTOP-CQORGQ5 with PID 7052 (E:\workspace\ShoppingAppMongo\target\classes started by caich in E:\workspace\ShoppingAppMongo)
11:27 13:28:58.305 [restartedMain] [INFO] [com.example.demo.CartClient] - No active profile set, falling back to default profiles: default
11:27 13:28:59.819 [restartedMain] [INFO] [com.example.demo.CartClient] - Started CartClient in 1.548 seconds (JVM running for 87.563)
11:27 13:28:59.823 [restartedMain] [INFO] [c.e.demo.service.LoggingService] - Inside methodsave
11:27 13:28:59.834 [restartedMain] [INFO] [c.e.demo.service.LoggingService] - Exiting methodsave
11:27 13:28:59.834 [restartedMain] [INFO] [c.e.demo.service.LoggingService] - Inside methodsave
11:27 13:28:59.836 [restartedMain] [INFO] [c.e.demo.service.LoggingService] - Exiting methodsave
11:27 13:29:04.679 [restartedMain] [INFO] [com.example.demo.CartClient] - Starting CartClient on DESKTOP-CQORGQ5 with PID 7052 (E:\workspace\ShoppingAppMongo\target\classes started by caich in E:\workspace\ShoppingAppMongo)
11:27 13:29:04.679 [restartedMain] [INFO] [com.example.demo.CartClient] - No active profile set, falling back to default profiles: default
11:27 13:29:06.014 [restartedMain] [INFO] [com.example.demo.CartClient] - Started CartClient in 1.368 seconds (JVM running for 93.757)
11:27 13:29:06.016 [restartedMain] [INFO] [c.e.demo.service.LoggingService] - Inside methodsave
11:27 13:29:06.026 [restartedMain] [INFO] [c.e.demo.service.LoggingService] - Exiting methodsave
11:27 13:29:06.026 [restartedMain] [INFO] [c.e.demo.service.LoggingService] - Inside methodsave
11:27 13:29:06.028 [restartedMain] [INFO] [c.e.demo.service.LoggingService] - Exiting methodsave
11:27 13:29:14.796 [restartedMain] [INFO] [com.example.demo.CartClient] - Starting CartClient on DESKTOP-CQORGQ5 with PID 7052 (E:\workspace\ShoppingAppMongo\target\classes started by caich in E:\workspace\ShoppingAppMongo)
11:27 13:29:14.796 [restartedMain] [INFO] [com.example.demo.CartClient] - No active profile set, falling back to default profiles: default
11:27 13:29:16.087 [restartedMain] [INFO] [com.example.demo.CartClient] - Started CartClient in 1.319 seconds (JVM running for 103.831)
11:27 13:29:16.089 [restartedMain] [INFO] [c.e.demo.service.LoggingService] - Inside methodsave
11:27 13:29:16.098 [restartedMain] [INFO] [c.e.demo.service.LoggingService] - Exiting methodsave
11:27 13:29:16.099 [restartedMain] [INFO] [c.e.demo.service.LoggingService] - Inside methodsave
11:27 13:29:16.101 [restartedMain] [INFO] [c.e.demo.service.LoggingService] - Exiting methodsave
11:27 13:29:19.317 [restartedMain] [INFO] [com.example.demo.CartClient] - Starting CartClient on DESKTOP-CQORGQ5 with PID 4636 (E:\workspace\ShoppingAppMongo\target\classes started by caich in E:\workspace\ShoppingAppMongo)
11:27 13:29:19.319 [restartedMain] [INFO] [com.example.demo.CartClient] - No active profile set, falling back to default profiles: default
11:27 13:29:36.109 [restartedMain] [INFO] [com.example.demo.CartClient] - Starting CartClient on DESKTOP-CQORGQ5 with PID 21120 (E:\workspace\ShoppingAppMongo\target\classes started by caich in E:\workspace\ShoppingAppMongo)
11:27 13:29:36.111 [restartedMain] [INFO] [com.example.demo.CartClient] - No active profile set, falling back to default profiles: default
11:27 13:29:41.125 [restartedMain] [INFO] [com.example.demo.CartClient] - Started CartClient in 5.253 seconds (JVM running for 7.13)
11:27 13:29:41.134 [restartedMain] [INFO] [c.e.demo.service.LoggingService] - Inside methodsave
11:27 13:29:41.178 [restartedMain] [INFO] [c.e.demo.service.LoggingService] - Exiting methodsave
11:27 13:29:41.178 [restartedMain] [INFO] [c.e.demo.service.LoggingService] - Inside methodsave
11:27 13:29:41.179 [restartedMain] [INFO] [c.e.demo.service.LoggingService] - Exiting methodsave
11:27 13:32:14.277 [restartedMain] [INFO] [com.example.demo.CartClient] - Starting CartClient on Wenyangs-MacBook-Pro-2.local with PID 28940 (/Users/kael.zhang/Downloads/ShoppingAppMongo/target/classes started by kael.zhang in /Users/kael.zhang/Downloads/ShoppingAppMongo)
11:27 13:32:14.279 [restartedMain] [INFO] [com.example.demo.CartClient] - No active profile set, falling back to default profiles: default
11:27 13:32:17.480 [restartedMain] [INFO] [com.example.demo.CartClient] - Started CartClient in 3.428 seconds (JVM running for 4.093)
11:27 13:32:17.488 [restartedMain] [INFO] [c.e.demo.service.LoggingService] - Inside methodsave
11:27 13:32:17.584 [restartedMain] [INFO] [c.e.demo.service.LoggingService] - Exiting methodsave
11:27 13:32:17.584 [restartedMain] [INFO] [c.e.demo.service.LoggingService] - Inside methodsave
11:27 13:32:17.588 [restartedMain] [INFO] [c.e.demo.service.LoggingService] - Exiting methodsave
11:27 14:57:08.408 [restartedMain] [INFO] [com.example.demo.CartClient] - Starting CartClient on Wenyangs-MacBook-Pro-2.local with PID 28940 (/Users/kael.zhang/Downloads/ShoppingAppMongo/target/classes started by kael.zhang in /Users/kael.zhang/Downloads/ShoppingAppMongo)
11:27 14:57:08.408 [restartedMain] [INFO] [com.example.demo.CartClient] - No active profile set, falling back to default profiles: default
11:27 14:57:09.900 [restartedMain] [INFO] [com.example.demo.CartClient] - Started CartClient in 1.798 seconds (JVM running for 5096.388)
11:27 14:57:09.904 [restartedMain] [INFO] [c.e.demo.service.LoggingService] - Inside methodsave
11:27 14:57:09.912 [restartedMain] [INFO] [c.e.demo.service.LoggingService] - Exiting methodsave
11:27 14:57:09.913 [restartedMain] [INFO] [c.e.demo.service.LoggingService] - Inside methodsave
11:27 14:57:09.915 [restartedMain] [INFO] [c.e.demo.service.LoggingService] - Exiting methodsave
11:27 15:39:41.932 [restartedMain] [INFO] [com.example.demo.CartClient] - Starting CartClient on Wenyangs-MacBook-Pro-2.local with PID 36696 (/Users/kael.zhang/Downloads/ShoppingAppMongo/target/classes started by kael.zhang in /Users/kael.zhang/Downloads/ShoppingAppMongo)
11:27 15:39:41.934 [restartedMain] [INFO] [com.example.demo.CartClient] - No active profile set, falling back to default profiles: default
11:27 15:39:45.894 [restartedMain] [INFO] [com.example.demo.CartClient] - Started CartClient in 4.219 seconds (JVM running for 5.077)
11:27 15:39:45.904 [restartedMain] [INFO] [c.e.demo.service.LoggingService] - Inside methodsave
11:27 15:39:46.017 [restartedMain] [INFO] [c.e.demo.service.LoggingService] - Exiting methodsave
11:27 15:39:46.017 [restartedMain] [INFO] [c.e.demo.service.LoggingService] - Inside methodsave
11:27 15:44:38.953 [restartedMain] [INFO] [com.example.demo.CartClient] - Starting CartClient on Wenyangs-MacBook-Pro-2.local with PID 36981 (/Users/kael.zhang/Downloads/ShoppingAppMongo/target/classes started by kael.zhang in /Users/kael.zhang/Downloads/ShoppingAppMongo)
11:27 15:44:38.955 [restartedMain] [INFO] [com.example.demo.CartClient] - No active profile set, falling back to default profiles: default
11:27 15:44:42.390 [restartedMain] [INFO] [com.example.demo.CartClient] - Started CartClient in 3.651 seconds (JVM running for 4.385)
11:27 15:44:42.397 [restartedMain] [INFO] [c.e.demo.service.LoggingService] - Inside methodsave
11:27 15:44:42.456 [restartedMain] [INFO] [c.e.demo.service.LoggingService] - Exiting methodsave
11:27 15:44:42.456 [restartedMain] [INFO] [c.e.demo.service.LoggingService] - Inside methodsave
11:27 15:44:42.458 [restartedMain] [INFO] [c.e.demo.service.LoggingService] - Exiting methodsave
11:27 15:47:04.788 [restartedMain] [INFO] [com.example.demo.CartClient] - Starting CartClient on Wenyangs-MacBook-Pro-2.local with PID 36981 (/Users/kael.zhang/Downloads/ShoppingAppMongo/target/classes started by kael.zhang in /Users/kael.zhang/Downloads/ShoppingAppMongo)
11:27 15:47:04.788 [restartedMain] [INFO] [com.example.demo.CartClient] - No active profile set, falling back to default profiles: default
11:27 15:47:05.976 [restartedMain] [INFO] [com.example.demo.CartClient] - Started CartClient in 1.385 seconds (JVM running for 147.971)
11:27 15:47:05.978 [restartedMain] [INFO] [c.e.demo.service.LoggingService] - Inside methodsave
11:27 15:47:05.985 [restartedMain] [INFO] [c.e.demo.service.LoggingService] - Exiting methodsave
11:27 15:47:05.986 [restartedMain] [INFO] [c.e.demo.service.LoggingService] - Inside methodsave
11:27 15:47:05.987 [restartedMain] [INFO] [c.e.demo.service.LoggingService] - Exiting methodsave
11:27 15:47:38.413 [restartedMain] [INFO] [com.example.demo.CartClient] - Starting CartClient on Wenyangs-MacBook-Pro-2.local with PID 36981 (/Users/kael.zhang/Downloads/ShoppingAppMongo/target/classes started by kael.zhang in /Users/kael.zhang/Downloads/ShoppingAppMongo)
11:27 15:47:38.413 [restartedMain] [INFO] [com.example.demo.CartClient] - No active profile set, falling back to default profiles: default
11:27 16:03:25.128 [restartedMain] [INFO] [com.example.demo.ProductClient] - Starting ProductClient on Wenyangs-MacBook-Pro-2.local with PID 38079 (/Users/kael.zhang/Downloads/ShoppingAppMongo/target/classes started by kael.zhang in /Users/kael.zhang/Downloads/ShoppingAppMongo)
11:27 16:03:25.129 [restartedMain] [INFO] [com.example.demo.ProductClient] - No active profile set, falling back to default profiles: default
11:27 16:03:28.287 [restartedMain] [INFO] [com.example.demo.ProductClient] - Started ProductClient in 3.36 seconds (JVM running for 3.875)
11:27 16:03:28.294 [restartedMain] [INFO] [c.e.demo.service.LoggingService] - Inside methodsave
11:27 16:03:28.364 [restartedMain] [INFO] [c.e.demo.service.LoggingService] - Exiting methodsave
11:27 16:03:28.364 [restartedMain] [INFO] [c.e.demo.service.LoggingService] - Inside methodsave
11:27 16:03:28.366 [restartedMain] [INFO] [c.e.demo.service.LoggingService] - Exiting methodsave
11:27 16:03:28.366 [restartedMain] [INFO] [c.e.demo.service.LoggingService] - Inside methodsave
11:27 16:03:28.368 [restartedMain] [INFO] [c.e.demo.service.LoggingService] - Exiting methodsave
11:27 16:03:28.369 [restartedMain] [INFO] [c.e.demo.service.LoggingService] - Inside methodsave
11:27 16:03:28.386 [restartedMain] [INFO] [c.e.demo.service.LoggingService] - Exiting methodsave
11:27 16:03:28.386 [restartedMain] [INFO] [c.e.demo.service.LoggingService] - Inside methodsave
11:27 16:03:28.388 [restartedMain] [INFO] [c.e.demo.service.LoggingService] - Exiting methodsave
11:27 16:05:11.970 [restartedMain] [INFO] [com.example.demo.ProductClient] - Starting ProductClient on Wenyangs-MacBook-Pro-2.local with PID 38079 (/Users/kael.zhang/Downloads/ShoppingAppMongo/target/classes started by kael.zhang in /Users/kael.zhang/Downloads/ShoppingAppMongo)
11:27 16:05:11.970 [restartedMain] [INFO] [com.example.demo.ProductClient] - No active profile set, falling back to default profiles: default
11:27 16:05:12.823 [restartedMain] [INFO] [com.example.demo.ProductClient] - Started ProductClient in 1.161 seconds (JVM running for 108.411)
11:27 16:05:12.825 [restartedMain] [INFO] [c.e.demo.service.LoggingService] - Inside methodsave
11:27 16:05:12.829 [restartedMain] [INFO] [c.e.demo.service.LoggingService] - Exiting methodsave
11:27 16:05:12.830 [restartedMain] [INFO] [c.e.demo.service.LoggingService] - Inside methodsave
11:27 16:05:12.831 [restartedMain] [INFO] [c.e.demo.service.LoggingService] - Exiting methodsave
11:27 16:05:12.831 [restartedMain] [INFO] [c.e.demo.service.LoggingService] - Inside methodsave
11:27 16:05:12.832 [restartedMain] [INFO] [c.e.demo.service.LoggingService] - Exiting methodsave
11:27 16:05:12.832 [restartedMain] [INFO] [c.e.demo.service.LoggingService] - Inside methodsave
11:27 16:05:12.835 [restartedMain] [INFO] [c.e.demo.service.LoggingService] - Exiting methodsave
11:27 16:05:12.835 [restartedMain] [INFO] [c.e.demo.service.LoggingService] - Inside methodsave
11:27 16:05:12.836 [restartedMain] [INFO] [c.e.demo.service.LoggingService] - Exiting methodsave
11:27 16:06:28.077 [restartedMain] [INFO] [com.example.demo.ProductClient] - Starting ProductClient on Wenyangs-MacBook-Pro-2.local with PID 38079 (/Users/kael.zhang/Downloads/ShoppingAppMongo/target/classes started by kael.zhang in /Users/kael.zhang/Downloads/ShoppingAppMongo)
11:27 16:06:28.077 [restartedMain] [INFO] [com.example.demo.ProductClient] - No active profile set, falling back to default profiles: default
11:27 16:06:28.936 [restartedMain] [INFO] [com.example.demo.ProductClient] - Started ProductClient in 0.883 seconds (JVM running for 184.524)
11:27 16:06:28.938 [restartedMain] [INFO] [c.e.demo.service.LoggingService] - Inside methodsave
11:27 16:06:28.942 [restartedMain] [INFO] [c.e.demo.service.LoggingService] - Exiting methodsave
11:27 16:06:28.942 [restartedMain] [INFO] [c.e.demo.service.LoggingService] - Inside methodsave
11:27 16:06:28.943 [restartedMain] [INFO] [c.e.demo.service.LoggingService] - Exiting methodsave
11:27 16:06:28.943 [restartedMain] [INFO] [c.e.demo.service.LoggingService] - Inside methodsave
11:27 16:06:28.943 [restartedMain] [INFO] [c.e.demo.service.LoggingService] - Exiting methodsave
11:27 16:06:28.944 [restartedMain] [INFO] [c.e.demo.service.LoggingService] - Inside methodsave
11:27 16:06:28.947 [restartedMain] [INFO] [c.e.demo.service.LoggingService] - Exiting methodsave
11:27 16:06:28.947 [restartedMain] [INFO] [c.e.demo.service.LoggingService] - Inside methodsave
11:27 16:06:28.948 [restartedMain] [INFO] [c.e.demo.service.LoggingService] - Exiting methodsave
11:27 16:06:44.654 [restartedMain] [INFO] [com.example.demo.ProductClient] - Starting ProductClient on Wenyangs-MacBook-Pro-2.local with PID 38079 (/Users/kael.zhang/Downloads/ShoppingAppMongo/target/classes started by kael.zhang in /Users/kael.zhang/Downloads/ShoppingAppMongo)
11:27 16:06:44.654 [restartedMain] [INFO] [com.example.demo.ProductClient] - No active profile set, falling back to default profiles: default
11:27 16:06:45.523 [restartedMain] [INFO] [com.example.demo.ProductClient] - Started ProductClient in 0.889 seconds (JVM running for 201.111)
11:27 16:06:45.524 [restartedMain] [INFO] [c.e.demo.service.LoggingService] - Inside methodsave
11:27 16:06:45.528 [restartedMain] [INFO] [c.e.demo.service.LoggingService] - Exiting methodsave
11:27 16:06:45.528 [restartedMain] [INFO] [c.e.demo.service.LoggingService] - Inside methodsave
11:27 16:06:45.529 [restartedMain] [INFO] [c.e.demo.service.LoggingService] - Exiting methodsave
11:27 16:06:45.529 [restartedMain] [INFO] [c.e.demo.service.LoggingService] - Inside methodsave
11:27 16:06:45.530 [restartedMain] [INFO] [c.e.demo.service.LoggingService] - Exiting methodsave
11:27 16:06:45.530 [restartedMain] [INFO] [c.e.demo.service.LoggingService] - Inside methodsave
11:27 16:06:45.534 [restartedMain] [INFO] [c.e.demo.service.LoggingService] - Exiting methodsave
11:27 16:06:45.534 [restartedMain] [INFO] [c.e.demo.service.LoggingService] - Inside methodsave
11:27 16:06:45.535 [restartedMain] [INFO] [c.e.demo.service.LoggingService] - Exiting methodsave
11:27 16:10:37.968 [restartedMain] [INFO] [com.example.demo.ProductClient] - Starting ProductClient on Wenyangs-MacBook-Pro-2.local with PID 38079 (/Users/kael.zhang/Downloads/ShoppingAppMongo/target/classes started by kael.zhang in /Users/kael.zhang/Downloads/ShoppingAppMongo)
11:27 16:10:37.968 [restartedMain] [INFO] [com.example.demo.ProductClient] - No active profile set, falling back to default profiles: default
11:27 16:10:38.826 [restartedMain] [INFO] [com.example.demo.ProductClient] - Started ProductClient in 0.892 seconds (JVM running for 434.413)
11:27 16:10:38.827 [restartedMain] [INFO] [c.e.demo.service.LoggingService] - Inside methodsave
11:27 16:10:38.831 [restartedMain] [INFO] [c.e.demo.service.LoggingService] - Exiting methodsave
11:27 16:10:38.831 [restartedMain] [INFO] [c.e.demo.service.LoggingService] - Inside methodsave
11:27 16:10:38.832 [restartedMain] [INFO] [c.e.demo.service.LoggingService] - Exiting methodsave
11:27 16:10:38.832 [restartedMain] [INFO] [c.e.demo.service.LoggingService] - Inside methodsave
11:27 16:10:38.833 [restartedMain] [INFO] [c.e.demo.service.LoggingService] - Exiting methodsave
11:27 16:10:38.833 [restartedMain] [INFO] [c.e.demo.service.LoggingService] - Inside methodsave
11:27 16:10:38.836 [restartedMain] [INFO] [c.e.demo.service.LoggingService] - Exiting methodsave
11:27 16:10:38.836 [restartedMain] [INFO] [c.e.demo.service.LoggingService] - Inside methodsave
11:27 16:10:38.838 [restartedMain] [INFO] [c.e.demo.service.LoggingService] - Exiting methodsave
11:27 16:36:36.124 [restartedMain] [INFO] [com.example.demo.ProductClient] - Starting ProductClient on Wenyangs-MacBook-Pro-2.local with PID 40032 (/Users/kael.zhang/Downloads/ShoppingAppMongo/target/classes started by kael.zhang in /Users/kael.zhang/Downloads/ShoppingAppMongo)
11:27 16:36:36.125 [restartedMain] [INFO] [com.example.demo.ProductClient] - No active profile set, falling back to default profiles: default
11:27 16:36:56.210 [restartedMain] [INFO] [com.example.demo.ProductClient] - Starting ProductClient on Wenyangs-MacBook-Pro-2.local with PID 40049 (/Users/kael.zhang/Downloads/ShoppingAppMongo/target/classes started by kael.zhang in /Users/kael.zhang/Downloads/ShoppingAppMongo)
11:27 16:36:56.212 [restartedMain] [INFO] [com.example.demo.ProductClient] - No active profile set, falling back to default profiles: default
11:27 16:36:59.415 [restartedMain] [INFO] [com.example.demo.ProductClient] - Started ProductClient in 3.414 seconds (JVM running for 3.9)
11:27 16:36:59.422 [restartedMain] [INFO] [c.e.demo.service.LoggingService] - Inside methodsave
11:27 16:36:59.455 [restartedMain] [INFO] [c.e.demo.service.LoggingService] - Exiting methodsave
11:27 16:36:59.456 [restartedMain] [INFO] [c.e.demo.service.LoggingService] - Inside methodsave
11:27 16:36:59.457 [restartedMain] [INFO] [c.e.demo.service.LoggingService] - Exiting methodsave
11:27 16:36:59.457 [restartedMain] [INFO] [c.e.demo.service.LoggingService] - Inside methodsave
11:27 16:36:59.458 [restartedMain] [INFO] [c.e.demo.service.LoggingService] - Exiting methodsave
11:27 16:36:59.459 [restartedMain] [INFO] [c.e.demo.service.LoggingService] - Inside methodsave
11:27 16:36:59.473 [restartedMain] [INFO] [c.e.demo.service.LoggingService] - Exiting methodsave
11:27 16:36:59.473 [restartedMain] [INFO] [c.e.demo.service.LoggingService] - Inside methodsave
11:27 16:36:59.475 [restartedMain] [INFO] [c.e.demo.service.LoggingService] - Exiting methodsave
11:27 16:37:52.153 [http-nio-8080-exec-2] [INFO] [c.e.demo.service.LoggingService] - Inside methodfindAll
11:27 16:37:52.193 [http-nio-8080-exec-2] [INFO] [c.e.demo.service.LoggingService] - Exiting methodfindAll
11:27 16:37:59.138 [http-nio-8080-exec-4] [INFO] [c.e.demo.service.LoggingService] - Inside methodfindById
11:27 16:37:59.147 [http-nio-8080-exec-4] [INFO] [c.e.demo.service.LoggingService] - Exiting methodfindById
